## Verification Complete

The security fix has been **correctly applied and verified**:

### Fix Applied (Commit f8c14210)

**File:** `src/app/api/copilotkit/route.ts`

**Before (vulnerable):**
```typescript
export async function GET() {
  return NextResponse.json({ status: 'Chat endpoint ready' })
}
```

**After (protected):**
```typescript
export const GET = withApiHandler<unknown, unknown>(
  {
    auth: 'authenticated',
  },
  async () => {
    return NextResponse.json({ status: 'Chat endpoint ready' })
  },
)
```

### False Positives Confirmed

The other 3 routes were **already properly protected** with `auth: 'admin'` via `withApiHandler`:

| Route | Protection |
|-------|------------|
| `/api/exercises/convert/single/create` | `auth: 'admin'` |
| `/api/exercises/convert/single` | `auth: 'admin'` |
| `/api/lessons/convert-context` | `auth: 'admin'` |

The scanner flagged these as false positives because it saw `POST` methods but didn't recognize the auth configuration passed to the wrapper function.

### Status
- Branch: `1180--security-4x-route-without-authentication`
- Commit: `f8c14210` (pushed)
- 1 commit ahead of `origin/dev`
- Fix is complete and ready for PR creation
