Based on my analysis of the current state:

## Summary

**Issue Found:** The branch `1207--v1-258259260-unify-latex-import-fallback-s` is supposed to implement V1-258/259/260 (LaTeX import unification), but the actual commits on the branch are for the "interactive lesson player" feature (PR 1220). **The LaTeX import unification work has not been started on this branch.**

**Fix Found:** The only substantive code fix needed is in `src/payload-types.ts` - removing `interactive_lesson` from the Prompt interface's `usage` type. This is because:
- The `Prompts.ts` schema does NOT have `interactive_lesson` as an option
- The committed `payload-types.ts` (HEAD) incorrectly has `interactive_lesson` in the generated type
- The working tree has the correct fix (removing it)

**Unrelated Changes:** The other unstaged changes (playwright-cli skill docs, event-log.json, skills-lock.json) appear to be artifacts from kody pipeline runs and are not related to V1-258.

**Status:**
- `pnpm typecheck` ✅ passes
- The payload-types.ts fix is already in the working tree as an unstaged change
- The LaTeX import unification feature (V1-258/259/260) has NOT been implemented

**What needs to happen:**
1. The `payload-types.ts` fix should be committed (removing `interactive_lesson` from Prompt.usage)
2. The V1-258/259/260 feature implementation (LaTeX import unification) needs to be done separately - it was never started on this branch
3. The unrelated skill documentation changes should likely be discarded

Since the instructions say not to commit or push (orchestrator handles git), I'll leave the changes as unstaged. The orchestrator can decide what to do with them.

Would you like me to:
1. Proceed with any specific action, or
2. Explain the discrepancy between the branch name/purpose and the actual code?
